<?xml version="1.0" encoding="UTF-8"?>
<testsuite xmlns:xsi="http://www.w3.org/2001/XMLSchema-instance" xsi:schemaLocation="https://maven.apache.org/surefire/maven-surefire-plugin/xsd/surefire-test-report.xsd" name="TestSuite" time="41.106" tests="1" errors="0" skipped="0" failures="1">
  <properties>
[...]
</properties>
  <testcase name="Test" classname="Docker_Selenium.dock.AppTest" time="40.748">
    <failure message="Could not start a new session. Possible causes are invalid address of the remote server or browser start-up failure.&#10;Build info: version: &apos;2.41.0&apos;, revision: &apos;3192d8a6c4449dc285928ba024779344f5423c58&apos;, time: &apos;2014-03-27 11:29:39&apos;&#10;System info: host: &apos;Soumyajits-MacBook-Pro.local&apos;, ip: &apos;192.168.99.1&apos;, os.name: &apos;Mac OS X&apos;, os.arch: &apos;x86_64&apos;, os.version: &apos;10.11.6&apos;, java.version: &apos;1.8.0_121&apos;&#10;Driver info: driver.version: PhantomJSDriver" type="org.openqa.selenium.remote.UnreachableBrowserException">org.openqa.selenium.remote.UnreachableBrowserException: 
Could not start a new session. Possible causes are invalid address of the remote server or browser start-up failure.
Build info: version: '2.41.0', revision: '3192d8a6c4449dc285928ba024779344f5423c58', time: '2014-03-27 11:29:39'
System info: host: 'Soumyajits-MacBook-Pro.local', ip: '192.168.99.1', os.name: 'Mac OS X', os.arch: 'x86_64', os.version: '10.11.6', java.version: '1.8.0_121'
Driver info: driver.version: PhantomJSDriver
	at Docker_Selenium.dock.AppTest.Test(AppTest.java:25)
Caused by: org.openqa.selenium.WebDriverException: 
Timed out waiting for driver server to start.
Build info: version: '2.41.0', revision: '3192d8a6c4449dc285928ba024779344f5423c58', time: '2014-03-27 11:29:39'
System info: host: 'Soumyajits-MacBook-Pro.local', ip: '192.168.99.1', os.name: 'Mac OS X', os.arch: 'x86_64', os.version: '10.11.6', java.version: '1.8.0_121'
Driver info: driver.version: PhantomJSDriver
	at Docker_Selenium.dock.AppTest.Test(AppTest.java:25)
Caused by: org.openqa.selenium.net.UrlChecker$TimeoutException: Timed out waiting for [http://localhost:35759/status] to be available after 20006 ms
	at Docker_Selenium.dock.AppTest.Test(AppTest.java:25)
Caused by: com.google.common.util.concurrent.UncheckedTimeoutException: java.util.concurrent.TimeoutException
	at Docker_Selenium.dock.AppTest.Test(AppTest.java:25)
Caused by: java.util.concurrent.TimeoutException
	at Docker_Selenium.dock.AppTest.Test(AppTest.java:25)
</failure>
    <system-err><![CDATA[log4j:WARN No appenders could be found for logger (io.github.bonigarcia.wdm.BrowserManager).
log4j:WARN Please initialize the log4j system properly.
Mar 24, 2017 2:41:10 PM org.openqa.selenium.phantomjs.PhantomJSDriverService <init>
INFO: executable: /Users/Corefinder/.m2/repository/webdriver/phantomjs/beta-macos/2.5.0/phantomjs
Mar 24, 2017 2:41:10 PM org.openqa.selenium.phantomjs.PhantomJSDriverService <init>
INFO: port: 35759
Mar 24, 2017 2:41:10 PM org.openqa.selenium.phantomjs.PhantomJSDriverService <init>
INFO: arguments: [--webdriver=35759, --webdriver-logfile=/Users/Corefinder/Documents/workspace/dock/phantomjsdriver.log]
Mar 24, 2017 2:41:10 PM org.openqa.selenium.phantomjs.PhantomJSDriverService <init>
INFO: environment: {}
dyld: Library not loaded: /usr/local/opt/webp/lib/libwebp.6.dylib
  Referenced from: /Users/Corefinder/.m2/repository/webdriver/phantomjs/beta-macos/2.5.0/phantomjs
  Reason: image not found
]]></system-err>
  </testcase>
</testsuite>