<?xml version="1.0" encoding="UTF-8"?>
<testng-results skipped="0" failed="0" ignored="0" total="1" passed="1">
  <reporter-output>
  </reporter-output>
  <suite name="Default suite" duration-ms="16088" started-at="2017-03-24T06:23:59Z" finished-at="2017-03-24T06:24:15Z">
    <groups>
    </groups>
    <test name="Default test" duration-ms="16088" started-at="2017-03-24T06:23:59Z" finished-at="2017-03-24T06:24:15Z">
      <class name="Docker_Selenium.dock.AppTest">
        <test-method status="PASS" signature="Test()[pri:0, instance:Docker_Selenium.dock.AppTest@7d9d1a19]" name="Test" duration-ms="16052" started-at="2017-03-24T11:53:59Z" finished-at="2017-03-24T11:54:15Z">
          <reporter-output>
          </reporter-output>
        </test-method> <!-- Test -->
      </class> <!-- Docker_Selenium.dock.AppTest -->
    </test> <!-- Default test -->
  </suite> <!-- Default suite -->
</testng-results>
