<?xml version="1.0" encoding="UTF-8"?>
<testng-results skipped="0" failed="0" ignored="0" total="1" passed="1">
  <reporter-output>
  </reporter-output>
  <suite name="Default suite" duration-ms="15407" started-at="2017-03-24T08:48:20Z" finished-at="2017-03-24T08:48:36Z">
    <groups>
    </groups>
    <test name="Default test" duration-ms="15407" started-at="2017-03-24T08:48:20Z" finished-at="2017-03-24T08:48:36Z">
      <class name="Docker_Selenium.dock.AppTest">
        <test-method status="PASS" signature="Test()[pri:0, instance:Docker_Selenium.dock.AppTest@1794d431]" name="Test" duration-ms="15381" started-at="2017-03-24T14:18:20Z" finished-at="2017-03-24T14:18:36Z">
          <reporter-output>
          </reporter-output>
        </test-method> <!-- Test -->
      </class> <!-- Docker_Selenium.dock.AppTest -->
    </test> <!-- Default test -->
  </suite> <!-- Default suite -->
</testng-results>
